<?xml version="1.0" encoding="UTF-8"?>
<!-- Generated by org.testng.reporters.JUnitXMLReporter -->
<testsuite ignored="0" hostname="19FMUCHH010209" failures="0" tests="3" name="NaukriTests" time="132.694" errors="0" timestamp="2025-10-09T15:45:36 IST">
  <testcase classname="TestNGFramework.FirstTest" name="FirstTest2" time="49.347"/>
  <testcase classname="TestNGFramework.FirstTest" name="FirstTest2" time="42.882"/>
  <testcase classname="TestNGFramework.FirstTest" name="FirstTest2" time="39.313"/>
</testsuite> <!-- NaukriTests -->
