<?xml version="1.0" encoding="UTF-8"?>
<!-- Generated by org.testng.reporters.JUnitXMLReporter -->
<testsuite ignored="0" hostname="19FMUCHH010209" failures="0" tests="3" name="NaukriTest" time="109.404" errors="0" timestamp="2025-10-09T15:45:13 IST">
  <testcase classname="TestNGFramework.FirstTest2" name="FirstTest1" time="39.617"/>
  <testcase classname="TestNGFramework.FirstTest2" name="FirstTest1" time="33.594"/>
  <testcase classname="TestNGFramework.FirstTest2" name="FirstTest1" time="34.549"/>
</testsuite> <!-- NaukriTest -->
