<?xml version="1.0" encoding="UTF-8"?>
<!-- Generated by org.testng.reporters.JUnitXMLReporter -->
<testsuite ignored="0" hostname="19FMUCHH010209" failures="0" tests="3" name="Default test" time="127.041" errors="0" timestamp="2025-11-20T11:07:33 IST">
  <testcase classname="TestNGFramework.FirstTest" name="FirstTest2" time="47.565"/>
  <testcase classname="TestNGFramework.FirstTest" name="FirstTest2" time="40.246"/>
  <testcase classname="TestNGFramework.FirstTest" name="FirstTest2" time="38.409"/>
</testsuite> <!-- Default test -->
