<?xml version="1.0" encoding="UTF-8"?>
<!-- Generated by org.testng.reporters.JUnitXMLReporter -->
<testsuite ignored="0" hostname="19FMUCHH010209" failures="0" tests="3" name="Default test" time="0.048" errors="0" timestamp="2025-10-09T18:53:02 IST">
  <testcase classname="TestNGFramework.Excell" name="take" time="0.004"/>
  <testcase classname="TestNGFramework.Excell" name="take" time="0.001"/>
  <testcase classname="TestNGFramework.Excell" name="take" time="0.001"/>
</testsuite> <!-- Default test -->
