<?xml version="1.0" encoding="UTF-8"?>
<testng-results ignored="0" total="2" passed="2" failed="0" skipped="0">
  <reporter-output>
  </reporter-output>
  <suite started-at="2025-10-06T16:58:26 IST" name="NaukriSuite" finished-at="2025-10-06T17:00:03 IST" duration-ms="96999">
    <groups>
    </groups>
    <test started-at="2025-10-06T16:58:26 IST" name="NaukriTests" finished-at="2025-10-06T16:59:56 IST" duration-ms="90489">
      <class name="TestNGFramework.FirstTest">
        <test-method signature="FirstTest2()[pri:0, instance:TestNGFramework.FirstTest@223191a6]" started-at="2025-10-06T16:58:26 IST" name="FirstTest2" finished-at="2025-10-06T16:59:56 IST" duration-ms="90111" status="PASS">
          <reporter-output>
          </reporter-output>
        </test-method> <!-- FirstTest2 -->
        <test-method is-config="true" signature="tearDown()[pri:0, instance:TestNGFramework.FirstTest@223191a6]" started-at="2025-10-06T16:59:56 IST" name="tearDown" finished-at="2025-10-06T16:59:56 IST" duration-ms="345" status="PASS">
          <reporter-output>
          </reporter-output>
        </test-method> <!-- tearDown -->
      </class> <!-- TestNGFramework.FirstTest -->
    </test> <!-- NaukriTests -->
    <test started-at="2025-10-06T16:58:26 IST" name="NaukriTest" finished-at="2025-10-06T17:00:03 IST" duration-ms="96999">
      <class name="TestNGFramework.FirstTest2">
        <test-method signature="FirstTest1()[pri:0, instance:TestNGFramework.FirstTest2@34e9fd99]" started-at="2025-10-06T16:58:26 IST" name="FirstTest1" finished-at="2025-10-06T17:00:03 IST" duration-ms="96595" status="PASS">
          <reporter-output>
          </reporter-output>
        </test-method> <!-- FirstTest1 -->
        <test-method is-config="true" signature="tearDown()[pri:0, instance:TestNGFramework.FirstTest2@34e9fd99]" started-at="2025-10-06T17:00:03 IST" name="tearDown" finished-at="2025-10-06T17:00:03 IST" duration-ms="374" status="PASS">
          <reporter-output>
          </reporter-output>
        </test-method> <!-- tearDown -->
      </class> <!-- TestNGFramework.FirstTest2 -->
    </test> <!-- NaukriTest -->
  </suite> <!-- NaukriSuite -->
</testng-results>
