<?xml version="1.0" encoding="UTF-8"?>
<testng-results ignored="0" total="2" passed="2" failed="0" skipped="0">
  <reporter-output>
  </reporter-output>
  <suite started-at="2025-10-07T14:07:17 IST" name="Default suite" finished-at="2025-10-07T14:10:06 IST" duration-ms="168488">
    <groups>
    </groups>
    <test started-at="2025-10-07T14:07:17 IST" name="Default test" finished-at="2025-10-07T14:10:06 IST" duration-ms="168488">
      <class name="TestNGFramework.FirstTest2">
        <test-method signature="FirstTest1()[pri:0, instance:TestNGFramework.FirstTest2@3590fc5b]" started-at="2025-10-07T14:07:17 IST" name="FirstTest1" finished-at="2025-10-07T14:08:39 IST" duration-ms="82054" status="PASS">
          <reporter-output>
          </reporter-output>
        </test-method> <!-- FirstTest1 -->
        <test-method is-config="true" signature="tearDown()[pri:0, instance:TestNGFramework.FirstTest2@3590fc5b]" started-at="2025-10-07T14:08:39 IST" name="tearDown" finished-at="2025-10-07T14:08:40 IST" duration-ms="356" status="PASS">
          <reporter-output>
          </reporter-output>
        </test-method> <!-- tearDown -->
        <test-method signature="FirstTest1()[pri:0, instance:TestNGFramework.FirstTest2@3590fc5b]" started-at="2025-10-07T14:08:40 IST" name="FirstTest1" finished-at="2025-10-07T14:10:05 IST" duration-ms="85715" status="PASS">
          <reporter-output>
          </reporter-output>
        </test-method> <!-- FirstTest1 -->
        <test-method is-config="true" signature="tearDown()[pri:0, instance:TestNGFramework.FirstTest2@3590fc5b]" started-at="2025-10-07T14:10:05 IST" name="tearDown" finished-at="2025-10-07T14:10:06 IST" duration-ms="307" status="PASS">
          <reporter-output>
          </reporter-output>
        </test-method> <!-- tearDown -->
      </class> <!-- TestNGFramework.FirstTest2 -->
    </test> <!-- Default test -->
  </suite> <!-- Default suite -->
</testng-results>
