<?xml version="1.0" encoding="UTF-8"?>
<testng-results ignored="0" total="3" passed="3" failed="0" skipped="0">
  <reporter-output>
  </reporter-output>
  <suite started-at="2025-11-20T11:05:26 IST" name="Default suite" finished-at="2025-11-20T11:07:33 IST" duration-ms="127041">
    <groups>
    </groups>
    <test started-at="2025-11-20T11:05:26 IST" name="Default test" finished-at="2025-11-20T11:07:33 IST" duration-ms="127041">
      <class name="TestNGFramework.FirstTest">
        <test-method signature="FirstTest2(java.lang.String,java.lang.String,java.lang.String)[pri:0, instance:TestNGFramework.FirstTest@327514f]" started-at="2025-11-20T11:05:26 IST" name="FirstTest2" data-provider="getdata" finished-at="2025-11-20T11:06:14 IST" duration-ms="47565" status="PASS">
          <params>
            <param index="0">
              <value>
                <![CDATA[sureshvarsh34@gmail.com]]>
              </value>
            </param>
            <param index="1">
              <value>
                <![CDATA[Suresh@1998]]>
              </value>
            </param>
            <param index="2">
              <value>
                <![CDATA[C:\Users\Suresh Bathula\eclipse-workspace\artifact\Naukarifiles\Suresh_Automation_Resume1.pdf]]>
              </value>
            </param>
          </params>
          <reporter-output>
          </reporter-output>
        </test-method> <!-- FirstTest2 -->
        <test-method is-config="true" signature="tearDown()[pri:0, instance:TestNGFramework.FirstTest@327514f]" started-at="2025-11-20T11:06:14 IST" name="tearDown" finished-at="2025-11-20T11:06:14 IST" duration-ms="250" status="PASS">
          <reporter-output>
          </reporter-output>
        </test-method> <!-- tearDown -->
        <test-method signature="FirstTest2(java.lang.String,java.lang.String,java.lang.String)[pri:0, instance:TestNGFramework.FirstTest@327514f]" started-at="2025-11-20T11:06:14 IST" name="FirstTest2" data-provider="getdata" finished-at="2025-11-20T11:06:54 IST" duration-ms="40246" status="PASS">
          <params>
            <param index="0">
              <value>
                <![CDATA[bathulasuresh518@gmail.com]]>
              </value>
            </param>
            <param index="1">
              <value>
                <![CDATA[Suresh@1998]]>
              </value>
            </param>
            <param index="2">
              <value>
                <![CDATA[C:\Users\Suresh Bathula\eclipse-workspace\artifact\Naukarifiles\Suresh_Automation_Resume2.pdf]]>
              </value>
            </param>
          </params>
          <reporter-output>
          </reporter-output>
        </test-method> <!-- FirstTest2 -->
        <test-method is-config="true" signature="tearDown()[pri:0, instance:TestNGFramework.FirstTest@327514f]" started-at="2025-11-20T11:06:54 IST" name="tearDown" finished-at="2025-11-20T11:06:55 IST" duration-ms="253" status="PASS">
          <reporter-output>
          </reporter-output>
        </test-method> <!-- tearDown -->
        <test-method signature="FirstTest2(java.lang.String,java.lang.String,java.lang.String)[pri:0, instance:TestNGFramework.FirstTest@327514f]" started-at="2025-11-20T11:06:55 IST" name="FirstTest2" data-provider="getdata" finished-at="2025-11-20T11:07:33 IST" duration-ms="38409" status="PASS">
          <params>
            <param index="0">
              <value>
                <![CDATA[nareshbathula057@gmail.com]]>
              </value>
            </param>
            <param index="1">
              <value>
                <![CDATA[Naresh@2000]]>
              </value>
            </param>
            <param index="2">
              <value>
                <![CDATA[C:\Users\Suresh Bathula\eclipse-workspace\artifact\Naukarifiles\Naresh_resume_resume1.pdf]]>
              </value>
            </param>
          </params>
          <reporter-output>
          </reporter-output>
        </test-method> <!-- FirstTest2 -->
        <test-method is-config="true" signature="tearDown()[pri:0, instance:TestNGFramework.FirstTest@327514f]" started-at="2025-11-20T11:07:33 IST" name="tearDown" finished-at="2025-11-20T11:07:33 IST" duration-ms="268" status="PASS">
          <reporter-output>
          </reporter-output>
        </test-method> <!-- tearDown -->
      </class> <!-- TestNGFramework.FirstTest -->
    </test> <!-- Default test -->
  </suite> <!-- Default suite -->
</testng-results>
