<?xml version="1.0" encoding="UTF-8"?>
<!-- Generated by org.testng.reporters.JUnitReportReporter -->
<testsuite hostname="19FMUCHH010209" failures="0" tests="3" name="TestNGFramework.FirstTest" time="132.640" errors="0" timestamp="2025-10-09T15:45:36 IST" skipped="0">
  <testcase classname="TestNGFramework.FirstTest" name="FirstTest2" time="49.806"/>
  <testcase classname="TestNGFramework.FirstTest" name="FirstTest2" time="43.218"/>
  <testcase classname="TestNGFramework.FirstTest" name="FirstTest2" time="39.616"/>
</testsuite> <!-- TestNGFramework.FirstTest -->
