<?xml version="1.0" encoding="UTF-8"?>
<!-- Generated by org.testng.reporters.JUnitReportReporter -->
<testsuite hostname="19FMUCHH010209" failures="0" tests="3" name="TestNGFramework.FirstTest" time="233.994" errors="0" timestamp="2025-11-06T15:07:30 IST" skipped="0">
  <testcase classname="TestNGFramework.FirstTest" name="FirstTest2" time="57.686"/>
  <testcase classname="TestNGFramework.FirstTest" name="FirstTest2" time="132.616"/>
  <testcase classname="TestNGFramework.FirstTest" name="FirstTest2" time="43.692"/>
</testsuite> <!-- TestNGFramework.FirstTest -->
